<?xml version="1.0" encoding="UTF-8"?>
<!-- Generated by org.testng.reporters.JUnitReportReporter -->
<testsuite hostname="shri-PC" failures="0" tests="1" name="com.browserstack.BStackDemoTest" time="68.777" errors="0" timestamp="2024-03-26T23:31:16 IST" skipped="0">
  <testcase classname="com.browserstack.BStackDemoTest" name="addProductToCart" time="68.777"/>
  <system-out/>
</testsuite> <!-- com.browserstack.BStackDemoTest -->
